0 verbose cli C:\Program Files\nodejs\node.exe C:\Program Files\nodejs\node_modules\npm\bin\npm-cli.js
1 info using npm@10.5.0
2 info using node@v20.12.2
3 timing npm:load:whichnode Completed in 2ms
4 timing config:load:defaults Completed in 2ms
5 timing config:load:file:C:\Program Files\nodejs\node_modules\npm\npmrc Completed in 3ms
6 timing config:load:builtin Completed in 3ms
7 timing config:load:cli Completed in 2ms
8 timing config:load:env Completed in 0ms
9 timing config:load:file:C:\Users\danzalone\Documents\GitHub\dwlite\.npmrc Completed in 1ms
10 timing config:load:project Completed in 2ms
11 timing config:load:file:C:\Users\danzalone\.npmrc Completed in 0ms
12 timing config:load:user Completed in 0ms
13 timing config:load:file:C:\Users\danzalone\AppData\Roaming\npm\etc\npmrc Completed in 0ms
14 timing config:load:global Completed in 0ms
15 timing config:load:setEnvs Completed in 1ms
16 timing config:load Completed in 10ms
17 timing npm:load:configload Completed in 10ms
18 timing config:load:flatten Completed in 1ms
19 timing npm:load:mkdirpcache Completed in 1ms
20 timing npm:load:mkdirplogs Completed in 1ms
21 verbose title npm ci
22 verbose argv "ci" "--cache" ".npm"
23 timing npm:load:setTitle Completed in 0ms
24 timing npm:load:display Completed in 1ms
25 verbose logfile logs-max:10 dir:C:\Users\danzalone\Documents\GitHub\dwlite\.npm\_logs\2024-05-17T13_21_16_682Z-
26 verbose logfile C:\Users\danzalone\Documents\GitHub\dwlite\.npm\_logs\2024-05-17T13_21_16_682Z-debug-0.log
27 timing npm:load:logFile Completed in 19ms
28 timing npm:load:timers Completed in 0ms
29 timing npm:load:configScope Completed in 0ms
30 timing npm:load Completed in 60ms
31 timing arborist:ctor Completed in 1ms
32 silly logfile done cleaning log files
33 timing idealTree:init Completed in 474ms
34 timing idealTree:userRequests Completed in 0ms
35 silly idealTree buildDeps
36 timing idealTree:#root Completed in 0ms
37 silly fetch manifest typescript@^3.2.1
38 http fetch GET 200 https://registry.npmjs.org/npm 1045ms
39 http fetch GET 200 https://registry.npmjs.org/typescript 496ms (cache miss)
40 timing idealTree Completed in 1108ms
41 timing command:ci Completed in 1534ms
42 notice
42 notice New [33mminor[39m version of npm available! [31m10.5.0[39m -> [32m10.8.0[39m
42 notice Changelog: [36mhttps://github.com/npm/cli/releases/tag/v10.8.0[39m
42 notice Run [32mnpm install -g npm@10.8.0[39m to update!
42 notice
43 verbose stack Error: could not resolve
43 verbose stack     at PlaceDep.failPeerConflict (C:\Program Files\nodejs\node_modules\npm\node_modules\@npmcli\arborist\lib\place-dep.js:503:25)
43 verbose stack     at new PlaceDep (C:\Program Files\nodejs\node_modules\npm\node_modules\@npmcli\arborist\lib\place-dep.js:157:21)
43 verbose stack     at #buildDepStep (C:\Program Files\nodejs\node_modules\npm\node_modules\@npmcli\arborist\lib\arborist\build-ideal-tree.js:940:18)
43 verbose stack     at async Arborist.buildIdealTree (C:\Program Files\nodejs\node_modules\npm\node_modules\@npmcli\arborist\lib\arborist\build-ideal-tree.js:203:7)
43 verbose stack     at async CI.exec (C:\Program Files\nodejs\node_modules\npm\lib\commands\ci.js:62:5)
43 verbose stack     at async module.exports (C:\Program Files\nodejs\node_modules\npm\lib\cli-entry.js:61:5)
44 verbose cwd C:\Users\danzalone\Documents\GitHub\dwlite
45 verbose Windows_NT 10.0.19045
46 verbose node v20.12.2
47 verbose npm  v10.5.0
48 error code ERESOLVE
49 error ERESOLVE could not resolve
50 error
51 error While resolving: [1mreact-scripts[22m@[1m3.4.4[22m
51 error Found: [1mtypescript[22m@[1m5.4.5[22m[2m[22m
51 error [2mnode_modules/typescript[22m
51 error   [1mtypescript[22m@"[1m^5.4.5[22m" from the root project
51 error   [35mpeer[39m [1mtypescript[22m@"[1m>=2.8.0 || >= 3.2.0-dev || >= 3.3.0-dev || >= 3.4.0-dev || >= 3.5.0-dev || >= 3.6.0-dev || >= 3.6.0-beta || >= 3.7.0-dev || >= 3.7.0-beta[22m" from [1mtsutils[22m@[1m3.21.0[22m[2m[22m
51 error   [2mnode_modules/tsutils[22m
51 error     [1mtsutils[22m@"[1m^3.17.1[22m" from [1m@typescript-eslint/eslint-plugin[22m@[1m2.34.0[22m[2m[22m
51 error     [2mnode_modules/@typescript-eslint/eslint-plugin[22m
51 error       [35mpeer[39m [1m@typescript-eslint/eslint-plugin[22m@"[1m2.x[22m" from [1meslint-config-react-app[22m@[1m5.2.1[22m[2m[22m
51 error       [2mnode_modules/eslint-config-react-app[22m
51 error         [1meslint-config-react-app[22m@"[1m^5.2.1[22m" from [1mreact-scripts[22m@[1m3.4.4[22m[2m[22m
51 error         [2mnode_modules/react-scripts[22m
51 error       1 more (react-scripts)
51 error     [1mtsutils[22m@"[1m^3.17.1[22m" from [1m@typescript-eslint/typescript-estree[22m@[1m2.34.0[22m[2m[22m
51 error     [2mnode_modules/@typescript-eslint/typescript-estree[22m
51 error       [1m@typescript-eslint/typescript-estree[22m@"[1m2.34.0[22m" from [1m@typescript-eslint/experimental-utils[22m@[1m2.34.0[22m[2m[22m
51 error       [2mnode_modules/@typescript-eslint/experimental-utils[22m
51 error         [1m@typescript-eslint/experimental-utils[22m@"[1m2.34.0[22m" from [1m@typescript-eslint/eslint-plugin[22m@[1m2.34.0[22m[2m[22m
51 error         [2mnode_modules/@typescript-eslint/eslint-plugin[22m
51 error         1 more (@typescript-eslint/parser)
51 error       1 more (@typescript-eslint/parser)
51 error
51 error Could not resolve dependency:
51 error peerOptional [1mtypescript[22m@"[1m^3.2.1[22m" from [1mreact-scripts[22m@[1m3.4.4[22m[2m[22m
51 error [2mnode_modules/react-scripts[22m
51 error   [1mreact-scripts[22m@"[1m^3.0.1[22m" from the root project
51 error
51 error Conflicting peer dependency: [1mtypescript[22m@[1m3.9.10[22m[2m[22m
51 error [2mnode_modules/typescript[22m
51 error   peerOptional [1mtypescript[22m@"[1m^3.2.1[22m" from [1mreact-scripts[22m@[1m3.4.4[22m[2m[22m
51 error   [2mnode_modules/react-scripts[22m
51 error     [1mreact-scripts[22m@"[1m^3.0.1[22m" from the root project
51 error
51 error Fix the upstream dependency conflict, or retry
51 error this command with --force or --legacy-peer-deps
51 error to accept an incorrect (and potentially broken) dependency resolution.
52 error
52 error
52 error For a full report see:
52 error C:\Users\danzalone\Documents\GitHub\dwlite\.npm\_logs\2024-05-17T13_21_16_682Z-eresolve-report.txt
53 verbose exit 1
54 timing npm Completed in 1866ms
55 verbose unfinished npm timer idealTree:buildDeps 1715952077860
56 verbose unfinished npm timer idealTree:node_modules/react-scripts 1715952077861
57 verbose code 1
58 error A complete log of this run can be found in: C:\Users\danzalone\Documents\GitHub\dwlite\.npm\_logs\2024-05-17T13_21_16_682Z-debug-0.log
