0 verbose cli C:\Program Files\nodejs\node.exe C:\Users\danzalone\AppData\Roaming\npm\node_modules\npm\bin\npm-cli.js
1 info using npm@10.8.0
2 info using node@v20.12.2
3 silly config load:file:C:\Users\danzalone\AppData\Roaming\npm\node_modules\npm\npmrc
4 silly config load:file:C:\Users\danzalone\Documents\GitHub\dwlite\.npmrc
5 silly config load:file:C:\Users\danzalone\.npmrc
6 silly config load:file:C:\Users\danzalone\AppData\Roaming\npm\etc\npmrc
7 verbose title npm ci
8 verbose argv "ci" "--cache" ".npm"
9 verbose logfile logs-max:10 dir:C:\Users\danzalone\Documents\GitHub\dwlite\.npm\_logs\2024-05-17T13_22_19_177Z-
10 verbose logfile C:\Users\danzalone\Documents\GitHub\dwlite\.npm\_logs\2024-05-17T13_22_19_177Z-debug-0.log
11 silly packumentCache heap:4345298944 maxSize:1086324736 maxEntrySize:543162368
12 silly logfile done cleaning log files
13 silly idealTree buildDeps
14 silly fetch manifest typescript@^3.2.1
15 silly packumentCache full:https://registry.npmjs.org/typescript cache-miss
16 http fetch GET 200 https://registry.npmjs.org/typescript 62ms (cache hit)
17 silly packumentCache full:https://registry.npmjs.org/typescript set size:22490092 disposed:false
18 verbose stack Error: could not resolve
18 verbose stack     at PlaceDep.failPeerConflict (C:\Users\danzalone\AppData\Roaming\npm\node_modules\npm\node_modules\@npmcli\arborist\lib\place-dep.js:503:25)
18 verbose stack     at new PlaceDep (C:\Users\danzalone\AppData\Roaming\npm\node_modules\npm\node_modules\@npmcli\arborist\lib\place-dep.js:157:21)
18 verbose stack     at #buildDepStep (C:\Users\danzalone\AppData\Roaming\npm\node_modules\npm\node_modules\@npmcli\arborist\lib\arborist\build-ideal-tree.js:917:18)
18 verbose stack     at async Arborist.buildIdealTree (C:\Users\danzalone\AppData\Roaming\npm\node_modules\npm\node_modules\@npmcli\arborist\lib\arborist\build-ideal-tree.js:181:7)
18 verbose stack     at async CI.exec (C:\Users\danzalone\AppData\Roaming\npm\node_modules\npm\lib\commands\ci.js:61:5)
18 verbose stack     at async Npm.exec (C:\Users\danzalone\AppData\Roaming\npm\node_modules\npm\lib\npm.js:207:9)
18 verbose stack     at async module.exports (C:\Users\danzalone\AppData\Roaming\npm\node_modules\npm\lib\cli\entry.js:74:5)
19 error code ERESOLVE
20 error ERESOLVE could not resolve
21 error
22 error While resolving: react-scripts@3.4.4
22 error Found: typescript@5.4.5[2m[22m
22 error [2mnode_modules/typescript[22m
22 error   typescript@"^5.4.5" from the root project
22 error   [95mpeer[39m typescript@">=2.8.0 || >= 3.2.0-dev || >= 3.3.0-dev || >= 3.4.0-dev || >= 3.5.0-dev || >= 3.6.0-dev || >= 3.6.0-beta || >= 3.7.0-dev || >= 3.7.0-beta" from tsutils@3.21.0[2m[22m
22 error   [2mnode_modules/tsutils[22m
22 error     tsutils@"^3.17.1" from @typescript-eslint/eslint-plugin@2.34.0[2m[22m
22 error     [2mnode_modules/@typescript-eslint/eslint-plugin[22m
22 error       [95mpeer[39m @typescript-eslint/eslint-plugin@"2.x" from eslint-config-react-app@5.2.1[2m[22m
22 error       [2mnode_modules/eslint-config-react-app[22m
22 error         eslint-config-react-app@"^5.2.1" from react-scripts@3.4.4[2m[22m
22 error         [2mnode_modules/react-scripts[22m
22 error       1 more (react-scripts)
22 error     tsutils@"^3.17.1" from @typescript-eslint/typescript-estree@2.34.0[2m[22m
22 error     [2mnode_modules/@typescript-eslint/typescript-estree[22m
22 error       @typescript-eslint/typescript-estree@"2.34.0" from @typescript-eslint/experimental-utils@2.34.0[2m[22m
22 error       [2mnode_modules/@typescript-eslint/experimental-utils[22m
22 error         @typescript-eslint/experimental-utils@"2.34.0" from @typescript-eslint/eslint-plugin@2.34.0[2m[22m
22 error         [2mnode_modules/@typescript-eslint/eslint-plugin[22m
22 error         1 more (@typescript-eslint/parser)
22 error       1 more (@typescript-eslint/parser)
22 error
22 error Could not resolve dependency:
22 error peerOptional typescript@"^3.2.1" from react-scripts@3.4.4[2m[22m
22 error [2mnode_modules/react-scripts[22m
22 error   react-scripts@"^3.0.1" from the root project
22 error
22 error Conflicting peer dependency: typescript@3.9.10[2m[22m
22 error [2mnode_modules/typescript[22m
22 error   peerOptional typescript@"^3.2.1" from react-scripts@3.4.4[2m[22m
22 error   [2mnode_modules/react-scripts[22m
22 error     react-scripts@"^3.0.1" from the root project
22 error
22 error Fix the upstream dependency conflict, or retry
22 error this command with --force or --legacy-peer-deps
22 error to accept an incorrect (and potentially broken) dependency resolution.
23 error
23 error
23 error For a full report see:
23 error C:\Users\danzalone\Documents\GitHub\dwlite\.npm\_logs\2024-05-17T13_22_19_177Z-eresolve-report.txt
24 silly unfinished npm timer idealTree:buildDeps 1715952140458
25 silly unfinished npm timer idealTree:node_modules/react-scripts 1715952140459
26 verbose cwd C:\Users\danzalone\Documents\GitHub\dwlite
27 verbose os Windows_NT 10.0.19045
28 verbose node v20.12.2
29 verbose npm  v10.8.0
30 verbose exit 1
31 verbose code 1
32 error A complete log of this run can be found in: C:\Users\danzalone\Documents\GitHub\dwlite\.npm\_logs\2024-05-17T13_22_19_177Z-debug-0.log
